<?xml version="1.0" encoding="UTF-8"?>
<testsuite xmlns:xsi="http://www.w3.org/2001/XMLSchema-instance" xsi:noNamespaceSchemaLocation="https://maven.apache.org/surefire/maven-surefire-plugin/xsd/surefire-test-report.xsd" version="3.0.1" name="edu.eci.dosw.tdd.library.LibraryTest" time="0.042" tests="7" errors="0" skipped="0" failures="0">
  <properties>
[...]
</properties>
  <testcase name="shouldReturnNullWhenBookIsNotAvailable" classname="edu.eci.dosw.tdd.library.LibraryTest" time="0.015"/>
  <testcase name="shouldIncreaseBookCountWhenAddingExistingBook" classname="edu.eci.dosw.tdd.library.LibraryTest" time="0.002"/>
  <testcase name="shouldAddNewBookSuccessfully" classname="edu.eci.dosw.tdd.library.LibraryTest" time="0.001"/>
  <testcase name="shouldReturnNullWhenUserDoesNotExist" classname="edu.eci.dosw.tdd.library.LibraryTest" time="0.001"/>
  <testcase name="shouldCreateLoanWhenBookIsAvailable" classname="edu.eci.dosw.tdd.library.LibraryTest" time="0.014"/>
  <testcase name="shouldReturnLoanSuccessfully" classname="edu.eci.dosw.tdd.library.LibraryTest" time="0.001"/>
  <testcase name="shouldAddUserSuccessfully" classname="edu.eci.dosw.tdd.library.LibraryTest" time="0.0"/>
</testsuite>